<?xml version="1.0" encoding="UTF-8"?>
<!-- Generated by org.testng.reporters.JUnitXMLReporter -->
<testsuite ignored="0" hostname="DESKTOP-B7B0V14" failures="0" tests="3" name="Test" time="0.067" errors="0" timestamp="2025-12-03T12:31:12 IST">
  <testcase classname="github.GithubPracticeTest" name="githubPracticeTest" time="0.008"/>
  <testcase classname="jenkins.JenkinsPracticeTest" name="jenkinsPracticeTest" time="0.001"/>
  <testcase classname="maven.MavenPracticeTest" name="mavenPracticeTest" time="0.001"/>
</testsuite> <!-- Test -->
