<?xml version="1.0" encoding="UTF-8"?>
<testng-results ignored="0" total="3" passed="3" failed="0" skipped="0">
  <reporter-output>
    <line>
      <![CDATA[github Test]]>
    </line>
    <line>
      <![CDATA[Jenkins Test]]>
    </line>
    <line>
      <![CDATA[Maven test]]>
    </line>
  </reporter-output>
  <suite started-at="2025-12-03T12:31:12 IST" name="Suite" finished-at="2025-12-03T12:31:12 IST" duration-ms="67">
    <groups>
    </groups>
    <test started-at="2025-12-03T12:31:12 IST" name="Test" finished-at="2025-12-03T12:31:12 IST" duration-ms="67">
      <class name="maven.MavenPracticeTest">
        <test-method signature="mavenPracticeTest()[pri:0, instance:maven.MavenPracticeTest@6e0f5f7f]" started-at="2025-12-03T12:31:12 IST" name="mavenPracticeTest" finished-at="2025-12-03T12:31:12 IST" duration-ms="1" status="PASS">
          <reporter-output>
            <line>
              <![CDATA[Maven test]]>
            </line>
          </reporter-output>
        </test-method> <!-- mavenPracticeTest -->
      </class> <!-- maven.MavenPracticeTest -->
      <class name="jenkins.JenkinsPracticeTest">
        <test-method signature="jenkinsPracticeTest()[pri:0, instance:jenkins.JenkinsPracticeTest@434a63ab]" started-at="2025-12-03T12:31:12 IST" name="jenkinsPracticeTest" finished-at="2025-12-03T12:31:12 IST" duration-ms="1" status="PASS">
          <reporter-output>
            <line>
              <![CDATA[Jenkins Test]]>
            </line>
          </reporter-output>
        </test-method> <!-- jenkinsPracticeTest -->
      </class> <!-- jenkins.JenkinsPracticeTest -->
      <class name="github.GithubPracticeTest">
        <test-method signature="githubPracticeTest()[pri:0, instance:github.GithubPracticeTest@e15b7e8]" started-at="2025-12-03T12:31:12 IST" name="githubPracticeTest" finished-at="2025-12-03T12:31:12 IST" duration-ms="8" status="PASS">
          <reporter-output>
            <line>
              <![CDATA[github Test]]>
            </line>
          </reporter-output>
        </test-method> <!-- githubPracticeTest -->
      </class> <!-- github.GithubPracticeTest -->
    </test> <!-- Test -->
  </suite> <!-- Suite -->
</testng-results>
