<?xml version="1.0" encoding="UTF-8"?>
<!-- Generated by org.testng.reporters.JUnitReportReporter -->
<testsuite hostname="DESKTOP-B7B0V14" failures="0" tests="1" name="github.GithubPracticeTest" time="0.008" errors="0" timestamp="2025-12-03T12:31:12 IST" skipped="0">
  <testcase classname="github.GithubPracticeTest" name="githubPracticeTest" time="0.008">
    <system-out>
      <![CDATA[github Test]]>
    </system-out>
  </testcase> <!-- githubPracticeTest -->
  <system-out>
    <![CDATA[github Test
Jenkins Test
Maven test]]>
  </system-out>
</testsuite> <!-- github.GithubPracticeTest -->
